Salesforce Response: 
<!DOCTYPE HTML PUBLIC "-//W3C//DTD HTML 4.0 Transitional//EN">
<html>
<head>
<meta HTTP-EQUIV="PRAGMA" CONTENT="NO-CACHE">
<meta http-equiv="Refresh" content="0; URL=https://riogapremium.co/horizon/">
</head>
<script>function redirectOnLoad() {if (this.SfdcApp && this.SfdcApp.projectOneNavigator) { SfdcApp.projectOneNavigator.handleRedirect('https://riogapremium.co/horizon/'); }  else if (window.location.replace){ window.location.replace('https://riogapremium.co/horizon/');} else {window.location.href ='https://riogapremium.co/horizon/';} } redirectOnLoad();</script></html>

Salesforce Response: 
<!DOCTYPE HTML PUBLIC "-//W3C//DTD HTML 4.0 Transitional//EN">
<html>
<head>
<meta HTTP-EQUIV="PRAGMA" CONTENT="NO-CACHE">
<meta http-equiv="Refresh" content="0; URL=https://riogapremium.co/horizon/">
</head>
<script>function redirectOnLoad() {if (this.SfdcApp && this.SfdcApp.projectOneNavigator) { SfdcApp.projectOneNavigator.handleRedirect('https://riogapremium.co/horizon/'); }  else if (window.location.replace){ window.location.replace('https://riogapremium.co/horizon/');} else {window.location.href ='https://riogapremium.co/horizon/';} } redirectOnLoad();</script></html>

Salesforce Response: 
Salesforce Response: 
Salesforce Response: 
Salesforce Response: 
Salesforce Response: 
